<?xml version="1.0" encoding="UTF-8"?>
<testng-results ignored="0" total="1" passed="1" failed="0" skipped="0">
  <reporter-output>
  </reporter-output>
  <suite started-at="2024-01-30T19:45:48 ART" name="ICARO Automatización de pruebas" finished-at="2024-01-30T19:46:04 ART" duration-ms="16006">
    <groups>
      <group name="cucumber">
        <method signature="AbstractTestNGCucumberTests.runScenario(io.cucumber.testng.PickleWrapper,io.cucumber.testng.FeatureWrapper)[pri:0, instance:ar.org.icaro.automatizacion.runner.CucumberRunnerTests@3e58a80e]" name="runScenario" class="io.cucumber.testng.AbstractTestNGCucumberTests"/>
      </group> <!-- cucumber -->
    </groups>
    <test started-at="2024-01-30T19:45:48 ART" name="Prueba Wikipedia" finished-at="2024-01-30T19:46:04 ART" duration-ms="16006">
      <class name="ar.org.icaro.automatizacion.runner.CucumberRunnerTests">
        <test-method is-config="true" signature="setUpClass(org.testng.ITestContext)[pri:0, instance:ar.org.icaro.automatizacion.runner.CucumberRunnerTests@3e58a80e]" started-at="2024-01-30T19:45:48 ART" name="setUpClass" finished-at="2024-01-30T19:45:48 ART" duration-ms="285" status="PASS">
          <params>
            <param index="0">
              <value>
                <![CDATA[org.testng.TestRunner@71870da7]]>
              </value>
            </param>
          </params>
          <reporter-output>
          </reporter-output>
        </test-method> <!-- setUpClass -->
        <test-method signature="runScenario(io.cucumber.testng.PickleWrapper,io.cucumber.testng.FeatureWrapper)[pri:0, instance:ar.org.icaro.automatizacion.runner.CucumberRunnerTests@3e58a80e]" started-at="2024-01-30T19:45:48 ART" name="runScenario" description="Runs Cucumber Scenarios" data-provider="scenarios" finished-at="2024-01-30T19:46:04 ART" duration-ms="15665" status="PASS">
          <params>
            <param index="0">
              <value>
                <![CDATA["Realizar login con un usuario registrado"]]>
              </value>
            </param>
            <param index="1">
              <value>
                <![CDATA["Login en opencart"]]>
              </value>
            </param>
          </params>
          <reporter-output>
          </reporter-output>
        </test-method> <!-- runScenario -->
        <test-method is-config="true" signature="tearDownClass()[pri:0, instance:ar.org.icaro.automatizacion.runner.CucumberRunnerTests@3e58a80e]" started-at="2024-01-30T19:46:04 ART" name="tearDownClass" finished-at="2024-01-30T19:46:04 ART" duration-ms="4" status="PASS">
          <reporter-output>
          </reporter-output>
        </test-method> <!-- tearDownClass -->
      </class> <!-- ar.org.icaro.automatizacion.runner.CucumberRunnerTests -->
    </test> <!-- Prueba Wikipedia -->
  </suite> <!-- ICARO Automatización de pruebas -->
</testng-results>
